[   0.00000] Linux version 4.150-36-generic (buildd@lgw01-amd64-031) (gcc version 7.3.0 (Ubuntu 7.3.0-16ubuntu3)) #39-Ubuntu SMP Mon Sep 24 16:19:09 UTC 2018 (Ubuntu 4.15.0-36.39-generic 4.15.18)
[    0.000000] Command line: BOOT_IMAGE=/boot/vmlinuz-4.15.0-36-generic root=UUID=e616e0bb-a965-4a8f-849c-be5fb3809975 ro console=tty1 console=ttyS0
[    0.000000] KERNEL supported cpus:
[    0.000000]   Intel GenuineIntel
[    0.000000]   AMD AuthenticAMD
[    0.000000]   Centaur CentaurHauls
[    0.000000] x86/fpu: Supporting XSAVE feature 0x001: 'x87 floating point registers'
[    0.000000] x86/fpu: Supporting XSAVE feature 0x002: 'SSE registers'
[    0.000000] x86/fpu: Supporting XSAVE feature 0x004: 'AVX registers'
[    0.000000] x86/fpu: xstate_offset[2]:  576, xstate_sizes[2]:  256
[    0.000000] x86/fpu: Enabled xstate features 0x7, context size is 832 byes, using 'standard' format.
[    0.000000] e820: BIOS-provided physical RAM map:
[    0.000000] BIOS-e820: [mem 0x0000000000000000-0x000000000009fbff] usable
[    0.000000] BIOS-e820: [mem 0x000000000009fc00-0x000000000009ffff] reserved
[    0.000000] BIOS-e820: [mem 0x00000000000f0000-0x00000000000fffff] reserved
[    0.000000] BIOS-e820: [mem 0x0000000000100000-0x000000007ffeffff] usable
[    0.00000 BIOS-e8: mem 0x000000007fff0000x000000007fffffff] PIdata
[  0.000000] BIOS-82: [mem 0x000000fec00000-0x00000000fec00fff] reserved
[    0.000000] BIOS-e820: [mem 0x00000000fee00000-0x00000000fee00fff] reserve
[    0.000000] BIOS-e820: [mem 0x00000000fffc0000-0x00000000ffffffff] reserved
[    0.000000] NX (Execute Disable) protection: active
[    0.000000] SMBIOS 2.5 present.
[    0.000000] DMI: innotek GmbH VirtualBox/VirtualBox, BIOS VirtualBox 12/01/2006
[    0.000000] Hypervisor detected: KVM
[    0.000000] e820: last_pfn = 0ff0 ma_ach_pfn =x400000
    00000] MTRR: Dibled
  0.000000] x86/PATMTRRs disable skipping PAT initialization too.
[    0.000000] CPU MTRRs all blank - virtualized system.
[    0.000000] x86/PAT: Configuration [0-7]: WB  WT  UC- UC  WB  WT  UC- UC  
[    0.000000] found SMP MP-table at [mem 0x0009fff0-0x0009ffff] mapped at [        (ptrval)]
[    0.000000] Scanning 1 areas for low memory corruption
[    0.000000] RAMDISK: [mem 0x359d7000-0x36ce2fff]
[    0.000000] ACPI: Early table checksum verification disabled
[    0.000000] ACPI: RSDP 0x00000000000E0000 000024 (v02 VBOX  )
[    0.000000] ACPI: XSDT 0x000000007FFF0030 00003C (v01 VBOX   VBOXXSDT 00000001 ASL  00000061)
[    0.000000] ACPI: FACP 0x000000007FFF00F0 0000F4 (v04 VBOX   VBOXFACP 00000001 ASL  00000061)
[    0.000000] ACPI: DSDT 0x000000007FFF0470 0021FF (v02 VBOX   VBOXBIOS 00000002 INTL 20100528)
[    0.000000] ACPI: FACS 0x000000007FFF0200 000040
[    0.000000] ACPI: FACS 0x000000007FFF0200 000040
[    0.000000] ACPI: APIC 0x000000007FFF0240 00005C (v02 VBOX   VBOXAPIC 00000001 ASL  00000061)
[    0.000000] ACPI: SSDT 0x000000007FFF02A0 0001CC (v01 VBOX   VBOXCPUT 00000002 INTL 20100528)
[    0.000000] No NUMA configuration found
[    0.000000] Faking a node at [mem 0x0000000000000000-0x000000007ffefff]
    0.00000] NODE_DATA(0) allocated [mem 0x7ffc5000-0x7ffeffff]
[    0.000000] kvm-clock: cpu 0, msr 0:7ff44001, primary cpu clock
[    0.000000] kvm-clock: Using msrs 4b564d01 and 4b564d00
[    0.000000] kvm-clock: using sched offset of 43962799 cycles
[   0.0000] clocksource: kvm-clk:mask: 0xfffffffffff max_cles: 0x1cd42e4dffb, max_idle_s: 881590591483s
[  0000000] Zone raes:
[    0.000000]   DMA      [mem 0x0000000000001000-0x0000000000ffffff]
[    0.000000]   DMA32    [mem 0x0000000001000000-0x000000007ffeffff]
[    0.000000]   Noral  empty
[    0.000000]   Device   empty
[    0.000000] Movable zone start for each node
[    0.00000 Early emorynoe ranges
[    0.000000]   node 0 [mem 0000000001000-0x000000000009efff]
[    000000]   node   0: [mem 0x0000000000100000-0x000000007ffeffff]
[    0.000000] Initmem setup node 0 [mem 0x0000000000001000-0x000000007ffeffff]
[    0.000000] Reserved but unavailable: 98 pages
[    0.000000] ACPI: PM-Timer IO Port: 0x4008
[    0.000000] IOAPIC[0]: apic_id 2, version 32, address 0xfec00000, GSI 0-23
[    0.000000] ACPI: INT_SRC_OVR (bus 0 bus_irq 0 global_irq 2 dfl dfl)
[    0.000000] ACPI: INT_SRC_OVR (bus 0 bus_q  global_irq 9 low level)
[    0.000000]  Using ACPI (MADT) for SMP configuration information
[    0.000000] smpboot: Allowing 2 CPUs, 0 hotplug CPUs
[    0.000000] PM:Registered nosae memory: [mem 0x00000000-0x00000fff]
[    0.000000] PM: Registered nosave memory: [mem 0x0009f000-0x0009ffff]
[    0.000000] PM: Registered nosavememory: [me0x00a000-x000effff]
[    0.0000] PM: Registed nosave memory[mem 0x0f0000-0x000fffff]
[    0.000000] e820: [mem 0x80000000-0xfebfffff] available for PCIdevices
[    0.00000] Botig pavitualizekenel on KVM
[    0.0000] clocksoue:refiedjiffies:as: 0xffffff max_cyes 0xffffffffmax_idle_ns: 7645519600211568 ns
[    0.000000] random: get_random_bytes called from start_kernel+0x99/0x4fd with crng_init=0
[    0.000000] setup_percpu: NR_CPUS:8192 nr_cpumask_bits:2 nr_cpu_ids:2 nr_node_ids:1
[    0.000000] percpu: Embedded 46 pages/cpu @        (ptrval) s151552 r8192 d28672 u1048576
[    0.000000] PV qspinlock hash table entries: 256 (order: 0, 4096 bytes)
[    0.000000] Built 1 zonelists, mobility grouping on.  Total pages: 515961
[    0.000000] Policy zone: DMA32
[   0.000000] Kernel command line: BOOT_IMAGE=/boot/vmlinuz-4.15.0-36-generic root=UUID=e616e0bb-a965-4a8f-849c-be5fb3809975 ro console=tty1 console=ttS0
[    0.000000] Memory: 2015272K/2096696K available (12300K kernel code, 2472K rwdata, 4248K rodata, 2408K init, 2416K bss, 81424K reserved, 0K cma-reserved)
[    0.000000] SLUB: HWalign=64, Order=0-3, MinObjects=0, CPUs=2, Nodes=1
[    0.000000] Kernel/User page tables isolation: enabled
[    0.000000] ftrace: allocating 39168 entries in 154 pages
[    0.004000] Hierarchical RCU implementation.
[    0.004000] 	RCU restricting CPUs from NR_CPUS=8192 to nr_cpu_ids=2.
[    0.004000] 	Tasks RCU enabled.
[    0.004000] RCU: Adjusting geometry for rcu_fanout_leaf=16, nr_cpu_ids=2
[    0.004000] NR_IRQS: 524544, nr_irqs: 440, preallocated irqs: 16
[    0.004000] Console: colour VGA+ 80x25
[    0.004000] console [tty1] enabled
[    0.004000] console [ttyS0] enabled
[    0.004000] ACPI: Core revision 20170831
[    0.004000] ACPI: 2 ACPI AML tables successfully acquired and loaded
[    0.004000] APIC: Switch to symmetric I/O mode setup
[    0.004000] x2apic enabled
[    0.004000] Switched APIC routing to physical x2apic.
[    0.008640] ..TIMER: vector=0x30 apic1=0 pin1=2 apic2=-1 pin2=-1
[    0.012017] tsc: Detected 2304.000 MHz processor
[    0.016038] Calibrating delay loop (skipped) preset value.. 4608.00 BogoMIPS (lpj=9216000)
[    0.020008] pid_max: default: 32768 minimum: 301
[    0.021119] Security Framework initialized
[    0.024003] Yama: becoming mindful.
[    0.028034] AppArmor: AppArmor initialized
[    0.033596] Dentry cache hash table entries: 262144 (order: 9, 2097152 bytes)
[    0.037313] Inode-cache hash table entries: 131072 (order: 8, 1048576 bytes)
[    0.040028] Mount-cache hash table entries: 4096 (order: 3, 32768 bytes)
[    0.044007] Mountpoint-cache hash table entries: 4096 (order: 3, 32768 bytes)
[    0.048205] mce: CPU supports 0 MCE banks
[    0.052015] Last level iTLB entries: 4KB 64, 2MB 8, 4MB 8
[    0.052899] Last level dTLB entries: 4KB 64, 2MB 0, 4MB 0, 1GB 4
[    0.056003] Spectre V2 : Mitigation: Full generic retpoline
[    0.060001] Spectre V2 : Spectre v2 / SpectreRSB mitigation: Filling RSB on context switch
[    0.064002] Speculative Store Bypass: Vulnerable
[    0.064839] Freeing SMP alternatives memory: 36K
[    0.068000] smpboot: CPU0: Intel(R) Core(TM) i5-7360U CPU @ 2.30GHz (family: 0x6, model: 0x8e, stepping: 0x9)
[    0.068076] Performance Events: unsupported p6 CPU model 142 no PMU driver, software events only.
[    0.069539] Hierarchical SRCU implementation.
[    0.072527] NMI watchdog: Perf event create on CPU 0 failed with -2
[    0.076002] NMI watchdog: Perf NMI watchdog permanently disabled
[    0.076964] smp: Bringing up secondary CPUs ...
[    0.085350] x86: Booting SMP configuration:
[    0.086238] .... node  #0, CPUs:      #1
[    0.004000] kvm-clock: cpu 1, msr 0:7ff44041, secondary cpu clock
[    0.004000] mce: CPU supports 0 MCE banks
[    0.090728] smp: Brought up 1 node, 2 CPUs
[    0.092006] smpboot: Max logical packages: 1
[    0.096012] smpboot: Total of 2 processors activated (9216.00 BogoMIPS)
[    0.098187] devtmpfs: initialized
[    0.100048] x86/mm: Memory block size: 128MB
[    0.102670] evm: security.selinux
[    0.103299] evm: security.SMACK64
[    0.104005] evm: security.SMACK64EXEC
[    0.108008] evm: security.SMACK64TRANSMUTE
[    0.109458] evm: security.SMACK64MMAP
[    0.110308] evm: security.apparmor
[    0.112006] evm: security.ima
[    0.116005] evm: security.capability
[    0.120117] clocksource: jiffies: mask: 0xffffffff max_cycles: 0xffffffff, max_idle_ns: 7645041785100000 ns
[    0.124017] futex hash table entries: 512 (order: 3, 32768 bytes)
[    0.128094] pinctrl core: initialized pinctrl subsystem
[    0.132140] RTC time:  8:52:46, date: 11/13/18
[    0.136346] NET: Registered protocol family 16
[    0.140084] audit: initializing netlink subsys (disabled)
[    0.144045] audit: type=2000 audit(1542099168.148:1): state=initialized audit_enabled=0 res=1
[    0.188011] cpuidle: using governor ladder
[    0.192037] cpuidle: using governor menu
[    0.196169] ACPI: bus type PCI registered
[    0.197077] acpiphp: ACPI Hot Plug PCI Controller Driver version: 0.5
[    0.200124] PCI: Using configuration type 1 for base access
[    0.205251] HugeTLB registered 2.00 MiB page size, pre-allocated 0 pages
[    0.208088] ACPI: Added _OSI(Module Device)
[    0.212015] ACPI: Added _OSI(Processor Device)
[    0.212781] ACPI: Added _OSI(3.0 _SCP Extensions)
[    0.213586] ACPI: Added _OSI(Processor Aggregator Device)
[    0.214410] ACPI: Added _OSI(Linux-Dell-Video)
[    0.216007] ACPI: Added _OSI(Linux-Lenovo-NV-HDMI-Audio)
[    0.217061] ACPI: Executed 1 blocks of module-level executable AML code
[    0.221143] ACPI: Interpreter enabled
[    0.224023] ACPI: (supports S0 S5)
[    0.224520] ACPI: Using IOAPIC for interrupt routing
[    0.228226] PCI: Using host bridge windows from ACPI; if necessary, use "pci=nocrs" and report a bug
[    0.231804] ACPI: Enabled 2 GPEs in block 00 to 07
[    0.239484] ACPI: PCI Root Bridge [PCI0] (domain 0000 [bus 00-ff])
[    0.240016] acpi PNP0A03:00: _OSC: OS supports [ASPM ClockPM Segments MSI]
[    0.241158] acpi PNP0A03:00: _OSC: not requesting OS control; OS requires [ExtendedConfig ASPM ClockPM MSI]
[    0.244013] acpi PNP0A03:00: fail to add MMCONFIG information, can't access extended PCI configuration space under this bridge.
[    0.246205] PCI host bridge to bus 0000:00
[    0.246947] pci_bus 0000:00: root bus resource [io  0x0000-0x0cf7 window]
[    0.248000] pci_bus 0000:00: root bus resource [io  0x0d00-0xffff window]
[    0.248008] pci_bus 0000:00: root bus resource [mem 0x000a0000-0x000bffff window]
[    0.249224] pci_bus 0000:00: root bus resource [mem 0x80000000-0xfdffffff window]
[    0.252006] pci_bus 0000:00: root bus resource [bus 00-ff]
[    0.254789] pci 0000:00:01.1: legacy IDE quirk: reg 0x10: [io  0x01f0-0x01f7]
[    0.256006] pci 0000:00:01.1: legacy IDE quirk: reg 0x14: [io  0x03f6]
[    0.257122] pci 0000:00:01.1: legacy IDE quirk: reg 0x18: [io  0x0170-0x0177]
[    0.258246] pci 0000:00:01.1: legacy IDE quirk: reg 0x1c: [io  0x0376]
[    0.282532] pci 0000:00:07.0: quirk: [io  0x4000-0x403f] claimed by PIIX4 ACPI
[    0.284018] pci 0000:00:07.0: quirk: [io  0x4100-0x410f] claimed by PIIX4 SMB
[    0.299517] ACPI: PCI Interrupt Link [LNKA] (IRQs 5 9 10 *11)
[    0.300284] ACPI: PCI Interrupt Link [LNKB] (IRQs 5 9 *10 11)
[    0.301385] ACPI: PCI Interrupt Link [LNKC] (IRQs 5 *9 10 11)
[    0.304129] ACPI: PCI Interrupt Link [LNKD] (IRQs 5 9 10 *11)
[    0.305327] SCSI subsystem initialized
[    0.305997] pci 0000:00:02.0: vgaarb: setting as boot VGA device
[    0.305997] pci 0000:00:02.0: vgaarb: VGA device added: decodes=io+mem,owns=io+mem,locks=none
[    0.308011] pci 0000:00:02.0: vgaarb: bridge control possible
[    0.312008] vgaarb: loaded
[    0.316043] ACPI: bus type USB registered
[    0.320035] usbcore: registered new interface driver usbfs
[    0.320996] usbcore: registered new interface driver hub
[    0.324022] usbcore: registered new device driver usb
[    0.324964] EDAC MC: Ver: 3.0.0
[    0.324964] PCI: Using ACPI for IRQ routing
[    0.325041] NetLabel: Initializing
[    0.328005] NetLabel:  domain hash size = 128
[    0.328968] NetLabel:  protocols = UNLABELED CIPSOv4 CALIPSO
[    0.329808] NetLabel:  unlabeled traffic allowed by default
[    0.331005] clocksource: Switched to clocksource kvm-clock
[    0.339830] VFS: Disk quasquot_66.
[    0.491771] VFS: Dquot-cachehash table eri: 2 rder 0, 4096 bytes)
[    0.739822] AppArmor: AppArmor Filesystem Enabled
[    0.741070] pnp: PnP ACPI init
[    0.743136] pnp: PnP ACPI: found 3 devices

[    0.753766] closource: acpi_pm: mask: 0xffffff max_cycles: 0xffffff, max_idle_ns: 2085701024 ns
[    0.810291] NET: Registered protocol family 2

[    0.811414] TCP established hash table entries: 16384 (order: 5, 131072 bytes)
[    0.813310] TCP bind hash table entries: 16384 (order: 6, 262144 bytes)
[    0.815756TCP: Hash tables configured (established 16384 bind 16384)
[    0.867104] UDP hash table entries: 1024 (order: 3, 32768 bytes)
[    0.868158] UDP-Lite hash table entries: 1024 (order: 3, 32768 bytes)
[    0.869393] NET: Registered protocol family 1
[    0.870274] pci 0000:00:00.0: Limiting direct PCI/PCI transfers
[    0.871386] pci 0000:00:01.0: Activating ISA DMA hang workarounds
[    0.872770] pci 0000:00:02.0: Video device with shadowed ROM at [mem 0x000c0000-0x000dffff]
[    0.874297] Unpacking initramfs...

[    1.198819] Freeing initrd memory: 19504K
[    1.199782] platform rtc_cmos: registered platform RTC device (no PNP device found)
[    1.210542] Scanning for low memory corruption every 60 seconds
[    1.212430] Initialise system trusted keyrings
[    1.215965] Key type blacklist registered
[    1.223156] workingset: timestamp_bits=36 max_order=19 bucket_order=0
[    1.225681] zbud: loaded
[    1.232190] squashfs: version 4.0 (2009/01/31) Phillip Lougher
[    1.233408] fuse init (API version 7.26)
[    1.237200] Key type asymmetric registered
[    1.240391] Asymmetric key parser 'x509' registered
[    1.262217] Block layer SCSI generic (bsg) driver version 0.4 loaded (major 246)
[    1.277958] io scheduler noop registered
[    1.278558] io scheduler deadline registered
[    1.312345] io scheduler cfq registered (default)
[    1.313912] ACPI: AC Adapter [AC] (on-line)
[    1.324754] input: Power Button as /devices/LNXSYSTM:00/LNXPWRBN:00/input/input0
[    1.358185] ACPI: Power Button [PWRF]
[    1.387773] input: Sleep Button as /devices/LNXSYSTM:00/LNXSLPBN:00/input/input1
[    1.390330] ACPI: Sleep Button [SLPF]
[    1.391269] Serial: 8250/16550 driver, 32 ports, IRQ sharing enabled
[    1.414503] 00:02: ttyS0 at I/O 0x3f8 (irq = 4, base_baud = 115200) is a 16550A
[    1.435231] Linux agpgart interface v0.103
[    1.438529] loop: module loaded
[    1.439994] scsi host0: ata_piix
[    1.440926] scsi host1: ata_piix
[    1.441708] ata1: PATA max UDMA/33 cmd 0x1f0 ctl 0x3f6 bmdma 0xd000 irq 14
[    1.448525] ata2: PATA max UDMA/33 cmd 0x170 ctl 0x376 bmdma 0xd008 irq 15
[    1.450363] libphy: Fixed MDIO Bus: probed
[    1.451129] tun: Universal TUN/TAP device driver, 1.6
[    1.452150] PPP generic driver version 2.4.2
[    1.453064] ehci_hcd: USB 2.0 'Enhanced' Host Controller (EHCI) Driver
[    1.465778] ehci-pci: EHCI PCI platform driver
[    1.466648] ehci-platform: EHCI generic platform driver
[    1.467635] ohci_hcd: USB 1.1 'Open' Host Controller (OHCI) Driver
[    1.468768] ohci-pci: OHCI PCI platform driver
[    1.469614] ohci-platform: OHCI generic platform driver
[    1.482200] uhci_hcd: USB Universal Host Controller Interface driver
[    1.483524] i8042: PNP: PS/2 Controller [PNP0303:PS2K,PNP0f03:PS2M] at 0x60,0x64 irq 1,12
[    1.485362] serio: i8042 KBD port at 0x60,0x64 irq 1
[    1.498235] serio: i8042 AUX port at 0x60,0x64 irq 12
[    1.521735] mousedev: PS/2 mouse device common for all mice
[    1.538340] rtc_cmos rtc_cmos: rtc core: registered rtc_cmos as rtc0
[    1.554823] rtc_cmos rtc_cmos: alarms up to one day, 114 bytes nvram
[    1.557208] input: AT Translated Set 2 keyboard as /devices/platform/i8042/serio0/input/input2
[    1.558840] i2c /dev entries driver
[    1.575550] pcie_mp2_amd: AMD(R) PCI-E MP2 Communication Driver Version: 1.0
[    1.617100] device-mapper: uevent: version 1.0.3
[    1.636673] device-mapper: ioctl: 4.37.0-ioctl (2017-09-20) initialised: dm-devel@redhat.com
[    1.641321] ledtrig-cpu: registered to indicate activity on CPUs
[    1.642746] NET: Registered protocol family 10
[    1.647047] Segment Routing with IPv6
[    1.647768] NET: Registered protocol family 17
[    1.654507] Key type dns_resolver registered
[    1.668888] RAS: Correctable Errors collector initialized.
[    1.677065] sched_clock: Marking stable (1677032862, 0)->(5728469748, -4051436886)
[    1.678627] registered taskstats version 1
[    1.679338] Loading compiled-in X.509 certificates
[    1.682408] Loaded X.509 cert 'Build time autogenerated kernel key: fcd93cd0852f7ae1da10896371e06e3c19479c00'
[    1.684154] zswap: loaded using pool lzo/zbud
[    1.688588] Key type big_key registered
[    1.689314] Key type trusted registered
[    1.691325] Key type encrypted registered
[    1.692076] AppArmor: AppArmor sha1 policy hashing enabled
[    1.698488] ima: No TPM chip found, activating TPM-bypass! (rc=-19)
[    1.699527] ima: Allocated hash algorithm: sha1
[    1.700317] evm: HMAC attrs: 0x1
[    1.701095]   Magic number: 10:194:877
[    1.701837] rtc_cmos rtc_cmos: setting system clock to 2018-11-13 08:52:48 UTC (1542099168)
[    1.703558] BIOS EDD facility v0.16 2004-Jun-25, 0 devices found
[    1.704457] EDD information not available.
[    1.707204] Freeing unused kernel memory: 2408K
[    1.724491] Write protecting the kernel read-only data: 20480k
[    1.729500] Freeing unused kernel memory: 2008K
[    1.732648] Freeing unused kernel memory: 1896K
[    1.746024] x86/mm: Checked W+X mappings: passed, no W+X pages found.
[    1.747062] x86/mm: Checking user space page tables
[    2.050116] x86/mm: Checked W+X mappings: passed, no W+X pages found.
[    2.546157] tsc: Refined TSC clocksource calibration: 2303.815 MHz
[    2.549139] clocksource: tsc: mask: 0xffffffffffffffff max_cycles: 0x2135490a57b, max_idle_ns: 440795316089 ns
Loading, please wait...
starting version 237
[    2.618015] e1000: Intel(R) PRO/1000 Network Driver - version 7.3.21-k8-NAPI
[    2.627373] e1000: Copyright (c) 1999-2006 Intel Corporation.
[    2.628373] Fusion MPT base driver 3.04.20
[    2.629112] Copyright (c) 1999-2008 LSI Corporation
[    2.641755] Fusion MPT SPI Host driver 3.04.20
[    2.659748] AVX2 version of gcm_enc/dec engaged.
[    2.747362] AES CTR mode by8 optimization enabled
[    2.856235] input: ImExPS/2 Generic Explorer Mouse as /devices/platform/i8042/serio1/input/input4
[    3.156088] e1000 0000:00:03.0 eth0: (PCI:33MHz:32-bit) 02:0d:76:ba:5b:1c
[    3.178772] e1000 0000:00:03.0 eth0: Intel(R) PRO/1000 Network Connection
[    3.188815] mptbase: ioc0: Initiating bringup
[    3.361184] ioc0: LSI53C1030 A0: Capabilities={Initiator}
[    3.602375] scsi host2: ioc0: LSI53C1030 A0, FwRev=00000000h, Ports=1, MaxQ=256, IRQ=20
[    3.780952] scsi 2:0:0:0: Direct-Access     VBOX     HARDDISK         1.0  PQ: 0 ANSI: 5
[    3.816741] scsi target2:0:0: Beginning Domain Validation
[    3.826957] scsi target2:0:0: Domain Validation skipping write tests
[    3.830502] scsi target2:0:0: Ending Domain Validation
[    3.843746] scsi target2:0:0: asynchronous
[    3.856907] scsi 2:0:1:0: Direct-Access     VBOX     HARDDISK         1.0  PQ: 0 ANSI: 5
[    4.039835] scsi target2:0:1: Beginning Domain Validation
[    4.057290] random: fast init done
[    4.068208] scsi target2:0:1: Domain Validation skipping write tests
[    4.076323] scsi target2:0:1: Ending Domain Validation
[    4.081779] scsi target2:0:1: asynchronous
[    4.101909] sd 2:0:0:0: Attached scsi generic sg0 type 0
[    4.103830] sd 2:0:1:0: Attached scsi generic sg1 type 0
[    4.103885] sd 2:0:0:0: [sda] 20971520 512-byte logical blocks: (10.7 GB/10.0 GiB)
[    4.103905] random: systemd-udevd: uninitialized urandom read (16 bytes read)
[    4.103926] random: systemd-udevd: uninitialized urandom read (16 bytes read)
[    4.103929] random: systemd-udevd: uninitialized urandom read (16 bytes read)
[    4.104180] sd 2:0:0:0: [sda] Write Protect is off
[    4.104286] sd 2:0:0:0: [sda] Incomplete mode parameter data
[    4.104288] sd 2:0:0:0: [sda] Assuming drive cache: write through
[    4.151339] sd 2:0:1:0: [sdb] 20480 512-byte logical blocks: (10.5 MB/10.0 MiB)
[    4.163124]  sda: sda1
[    4.178648] sd 2:0:1:0: [sdb] Write Protect is off
[    4.178779] sd 2:0:0:0: [sda] Attached SCSI disk
[    4.222270] sd 2:0:1:0: [sdb] Incomplete mode parameter data
[    4.228565] sd 2:0:1:0: [sdb] Assuming drive cache: write through
[    4.298810] e1000 0000:00:08.0 eth1: (PCI:33MHz:32-bit) 08:00:27:5b:1e:4e
[    4.579348] e1000 0000:00:08.0 eth1: Intel(R) PRO/1000 Network Connection
[    4.585227] e1000 0000:00:03.0 enp0s3: renamed from eth0
[    4.595876] sd 2:0:1:0: [sdb] Attached SCSI disk
[    4.612967] e1000 0000:00:08.0 enp0s8: renamed from eth1
Begin: Loading essential drivers ... [    6.336062] raid6: sse2x1   gen()  8017 MB/s
[    6.392705] raid6: sse2x1   xor()  5445 MB/s
[    6.456244] raid6: sse2x2   gen() 12640 MB/s
[    6.540566] raid6: sse2x2   xor()  8408 MB/s
[    6.604533] raid6: sse2x4   gen() 15336 MB/s
[    6.660115] raid6: sse2x4   xor()  7281 MB/s
[    6.732981] raid6: avx2x1   gen() 18201 MB/s
[    6.828522] raid6: avx2x1   xor()  6957 MB/s
[    6.876088] raid6: avx2x2   gen() 11418 MB/s
[    6.928018] raid6: avx2x2   xor()  8491 MB/s
[    6.980345] raid6: avx2x4   gen() 19989 MB/s
[    7.028461] raid6: avx2x4   xor() 16777 MB/s
[    7.044630] raid6: using algorithm avx2x4 gen() 19989 MB/s
[    7.048946] raid6: .... xor() 16777 MB/s, rmw enabled
[    7.049771] raid6: using avx2x2 recovery algorithm
[    7.051742] xor: automatically using best checksumming function   avx       
[    7.065903] async_tx: api initialized (async)
done.
Begin: Running /scripts/init-premount ... done.
Begin: Mounting root file system ... Begin: Running /scripts/local-top ... don[    7.154339] Btrfs loaded, crc32c=crc32c-intel
e.
Begin: Running /scripts/local-premount ... Scanning for Btrfs filesystems
done.
Warning: fsck no[    7.265977] EXT4-fs (sda1): INFO: recovery required on readonly filesystem
t present, so sk[    7.318551] EXT4-fs (sda1): write access will be enabled during recovery
ipping root file system
[    7.578598] EXT4-fs (sda1): orphan cleanup on readonly fs
[    7.648575] EXT4-fs (sda1): 6 orphan inodes deleted
[    7.651114] EXT4-fs (sda1): recovery complete
[    7.666969] EXT4-fs (sda1): mounted filesystem with ordered data mode. Opts: (null)
done.
Begin: Running /scripts/local-bottom ... done.
Begin: Running /scripts/init-bottom ... done.
[    8.368355] random: crng init done
[    8.369111] random: 7 urandom warning(s) missed due to ratelimiting
[    9.589356] ip_tables: (C) 2000-2006 Netfilter Core Team
[   10.041032] systemd[1]: systemd 237 running in system mode. (+PAM +AUDIT +SELINUX +IMA +APPARMOR +SMACK +SYSVINIT +UTMP +LIBCRYPTSETUP +GCRYPT +GNUTLS +ACL +XZ +LZ4 +SECCOMP +BLKID +ELFUTILS +KMOD -IDN2 +IDN -PCRE2 default-hierarchy=hybrid)
[   10.127952] systemd[1]: Detected virtualization oracle.
[   10.129052] systemd[1]: Detected architecture x86-64.

Welcome to [1mUbuntu 18.04.1 LTS[0m!

[   10.207528] systemd[1]: Set hostname to <ubuntu-bionic>.
[   13.150018] systemd[1]: Created slice User and Session Slice.
[[0;32m  OK  [0m] Created slice User and Session Slice.
[   13.656402] systemd[1]: Started Forward Password Requests to Wall Directory Watch.
[[0;32m  OK  [0m] Started Forward Password Requests to Wall Directory Watch.
[   14.932897] systemd[1]: Reached target Swap.
[[0;32m  OK  [0m] Reached target Swap.
[   15.836378] systemd[1]: Reached target System Time Synchronized.
[[0;32m  OK  [0m] Reached target System Time Synchronized.
[   16.833068] systemd[1]: Set up automount Arbitrary Executable File Formats File System Automount Point.
[[0;32m  OK  [0m] Set up automount Arbitrary Executab…rmats File System Automount Point.
[   17.996210] systemd[1]: Reached target User and Group Name Lookups.
[[0;32m  OK  [0m] Reached target User and Group Name Lookups.
[   19.024308] systemd[1]: Created slice System Slice.
[[0;32m  OK  [0m] Created slice System Slice.
[   19.724704] systemd[1]: Listening on LVM2 poll daemon socket.
[[0;32m  OK  [0m] Listening on LVM2 poll daemon socket.
[   19.732013] systemd[1]: Listening on Journal Socket.
[[0;32m  OK  [0m] Listening on Journal Socket.
[   19.777271] systemd[1]: Starting Set the console keyboard layout...
         Starting Set the console keyboard layout...
[   19.802046] systemd[1]: Reached target Slices.
[[0;32m  OK  [0m] Reached target Slices.
[   19.806979] systemd[1]: Starting Create list of required static device nodes for the current kernel...
         Starting Create list of required st…ce nodes for the current kernel...
[   19.876883] systemd[1]: Listening on LVM2 metadata daemon socket.
[[0;32m  OK  [0m] Listening on LVM2 metadata daemon socket.
         Starting Uncomplicated firewall...
         Starting Remount Root and Kernel File Systems...
         Mounting POSIX Message Queue File System...
[[0;32m  OK  [0m] Listening on udev Control Socket.
[[0;32m  OK  [0m] Listening on Syslog Socket.
         Mounting Huge Pages File System...
[[0;32m  OK  [0m] Listening on Journal Socket (/dev/log).
[[0;32m  OK  [0m] Listening on /dev/initctl Compatibility Named Pipe.
[[0;32m  OK  [0m] Listening on Network Service Netlink Socket.
[[   20.280285] EXT4-fs (sda1): re-mounted. Opts: (null)
[0;32m  OK  [0m] Listening on Journal Audit Socket.
         Starting Journal Service...
[[0;32m  OK  [0m] Listening on udev Kernel Socket.
         Starting Load Kernel Modules...
[[0;32m  OK  [0m] Listening on Device-mapper event daemon FIFOs.
         Starting Monitoring of LVM2 mirrors…ng dmeventd or progress polling...
         Mounting Kernel Debug File System...
[[0;32m  OK  [0m] Created slice system-serial\x2dg[   20.420428] Loading iSCSI transport class v2.0-870.
etty.slice.
         Starting udev Coldplug all Devices...
[[0;32m  OK  [0m] Started Journal Service.
[[0;32m  OK  [0m] Started Set the console keyboard layout.
[   20.620431] iscsi: registered transport (tcp)
[[0;32m  OK  [0m] Started Create list of required sta…vice nodes for the current kernel.
[[0;32m  OK  [0m] Started Uncomplicated firewall.
[[0;32m  OK  [0m] Started Remount Root and Kernel File Systems.
[[0;32m  OK  [0m] Mounted POSI[   21.379553] iscsi: registered transport (iser)
X Message Queue File System.
[[0;32m  OK  [0m] Mounted Huge Pages File System.
[[0;32m  OK  [0m] Started Load Kernel Modules.
[[0;32m  OK  [0m] Mounted Kernel Debug File System.
[[0;32m  OK  [0m] Started LVM2 metadata daemon.
         Mounting FUSE Control File System...
         Mounting Kernel Configuration File System...
         Starting Apply Kernel Variables...
         Starting Initial cloud-init job (pre-networking)...
         Starting Load/Save Random Seed...
         Starting Create Static Device Nodes in /dev...
         Starting Flush Journal to Persistent Storage...
[[0;32m  OK  [0m] Started Monitoring of LVM2 mirrors,…sing dmeventd or progress polling.
[[0;32m  OK  [0m] Started udev Coldplug all Devices.
[[0;32m  OK  [0m] Mounted FUSE Control File System.
[[0;32m  OK  [0m] Mounted Kernel Configuration File System.
[[0;32m  OK  [0m] Started Load/Save Random Seed.
[[0;32m  OK  [0m] Started Apply Kernel Variables.
[[0;32m  OK  [0m] Started Create Static Device Nodes in /dev.
         Starting udev Kernel Device Manager...
[[0;32m  OK  [0m] Reached target Local File Systems (Pre).
[[0;32m  OK  [0m] Reached target Local File Systems.
         Starting Set console font and keymap...
         Starting Tell Plymouth To Write Out Runtime Data...
         Starting ebtables ruleset management...
         Starting AppArmor initialization...
[[0;32m  OK  [0m] Started Set console font and keymap.
[[0;32m  OK  [0m] Started Tell Plymouth To Write Out Runtime Data.
[[0;32m  OK  [0m] Started udev Kernel Device Manager.
[[0;32m  OK  [0m] Started Flush Journal to Persistent Storage.
         Starting Create Volatile Files and Directories...
[[0;32m  OK  [0m] Started Dispatch Password Requests to Console Directory Watch.
[[0;32m  OK  [0m] Reached target Local Encrypted Volumes.
[[0;32m  OK  [0m] Started ebtables ruleset management.
[[0;32m  OK  [0m] Found device /dev/ttyS0.
[[0;32m  OK  [0m] Started Create Volatile Files and Directories.
         Starting Update UTMP about System Boot/Shutdown...
[[0;32m  OK  [0m] Started Update UTMP about System Boot/Shutdown.
[[0;32m  OK  [0m] Listening on Load/Save RF Kill Switch Status /dev/rfkill Watch.
[[0;32m  OK  [0m] Started AppArmor initialization.
[   30.610360] cloud-init[425]: Cloud-init v. 18.4-0ubuntu1~18.04.1 running 'init-local' at Tue, 13 Nov 2018 08:53:16 +0000. Up 30.03 seconds.
[[0;32m  OK  [0m] Started Initial cloud-init job (pre-networking).
[[0;32m  OK  [0m] Reached target Network (Pre).
         Starting Network Service...
[[0;32m  OK  [0m] Started Network Service.
         Starting Network Name Resolution...
         Starting Wait for Network to be Configured...
[[0;32m  OK  [0m] Started Network Name Resolution.
[[0;32m  OK  [0m] Reached target Network.
[[0;32m  OK  [0m] Reached target Host and Network Name Lookups.
[[0;32m  OK  [0m] Started Wait for Network to be Configured.
         Starting Initial cloud-init job (metadata service crawler)...
[   33.715516] cloud-init[681]: Cloud-init v. 18.4-0ubuntu1~18.04.1 running 'init' at Tue, 13 Nov 2018 08:53:19 +0000. Up 32.93 seconds.
[   33.717292] cloud-init[681]: ci-info: ++++++++++++++++++++++++++++++++++++++Net device info+++++++++++++++++++++++++++++++++++++++
[[0;32m  OK  [0m] Started Initial cloud-init job (metadata service crawler).
[[0;32m  OK  [0m] Reached target Cloud-config availability.
[[0;32m  OK  [0m] Reached target Network is Online.
[   33.831493] cloud-init[681]: ci-info: +--------+------+-----------------------------+---------------+--------+-------------------+
         Starting Availability of block devices...
[[0;32m  OK  [0m] Reached target Remote File Systems (Pre).
[[0;32m  OK  [0m] Reached target Remote File Systems.
[[0;32m  OK  [0m] Reached target System Initialization.
[[0;32m  OK  [0m] Listening on ACPID Listen Socket.
[   33.995033] cloud-init[681]: ci-info: | Device |  Up  |           Address           |      Mask     | Scope  |     Hw-Address    |
[   34.233176] cloud-init[681]: ci-info: +--------+------+-----------------------------+---------------+--------+-------------------+
[   34.243130] cloud-init[681]: ci-info: | enp0s3 | True |          10.0.2.15          | 255.255.255.0 | global | 02:0d:76:ba:5b:1c |
[   34.297100] cloud-init[681]: ci-info: | enp0s3 | True |  fe80::d:76ff:feba:5b1c/64  |       .       |  link  | 02:0d:76:ba:5b:1c |
[   34.344749] cloud-init[681]: ci-info: | enp0s8 | True |        192.168.33.10        | 255.255.255.0 | global | 08:00:27:5b:1e:4e |
[   34.428806] cloud-init[681]: ci-info: | enp0s8 | True | fe80::a00:27ff:fe5b:1e4e/64 |       .       |  link  | 08:00:27:5b:1e:4e |
[[0;32m  OK  [0m] Started Clean PHP session files every 30 mins.
[[0;32m  OK  [0m] Started Discard unused blocks once a week.
[[0;32m  OK  [0m] Started Daily apt download activities.
[[0;32m  OK  [0m] Started Daily apt upgrade and clean activities.
[   34.555575] cloud-init[681]: ci-info: |   lo   | True |          127.0.0.1          |   255.0.0.0   |  host  |         .         |
         Starting Socket activation for snappy daemon.
[[0;32m  OK  [0m] Started Message of the Day.
[   34.672558] cloud-init[681]: ci-info: |   lo   | True |           ::1/128           |       .       |  host  |         .         |
[   34.791110] cloud-init[681]: ci-info: +--------+------+-----------------------------+---------------+--------+-------------------+
         Starting LXD - unix socket.
[[0;32m  OK  [0m] Started Daily Cleanup of Temporary Directories.
[[0;32m  OK  [0m] Reached target Timers.
[   34.835275] cloud-init[681]: ci-info: +++++++++++++++++++++++++++++Route IPv4 info+++++++++++++++++++++++++++++
[   34.878058] cloud-init[681]: ci-info: +-------+--------------+----------+-----------------+-----------+-------+
[   34.885049] cloud-init[681]: ci-info: | Route | Destination  | Gateway  |     Genmask     | Interface | Flags |
[   34.886666] cloud-init[681]: ci-info: +-------+--------------+----------+-----------------+-----------+-------+
[   34.888184] cloud-init[681]: ci-info: |   0   |   0.0.0.0    | 10.0.2.2 |     0.0.0.0     |   enp0s3  |   UG  |
[   34.897075] cloud-init[681]: ci-info: |   1   |   10.0.2.0   | 0.0.0.0  |  255.255.255.0  |   enp0s3  |   U   |
[[0;32m  OK  [0m] Started ACPI Events Check.
[   34.902968] [cloud-init[0;32m  OK  [0m[681]: ] ci-info: |   2   |   10.0.2.2   | 0.0.0.0  | 255.255.255.255 |   enp0s3  |   UH  |Listening on D-Bus System Message Bus Socket.

[[0;32m  OK  [0m] Listening on Open-iSCSI iscsid Socket.
[   34.986799] [cloud-init[0;32m  OK  [0m[681]: ] ci-info: |   3   | 192.168.33.0 | 0.0.0.0  |  255.255.255.0  |   enp0s8  |   U   |Reached target Paths.

[[0;32m  OK  [0m] Listening on UUID daemon activation socket.
[   35.161261] cloud-init[681]: ci-info: +-------+--------------+----------+-----------------+-----------+-------+[
[0;32m  OK  [0m] Started Availability of block devices.
[[0;32m  OK  [0m] Listening on Socket activation for snappy daemon.
[   35.352860] [cloud-init[0;32m  OK  [0m[681]: ] ci-info: +++++++++++++++++++Route IPv6 info+++++++++++++++++++Listening on LXD - unix socket.

[[0;32m  OK  [0m] Reached target Sockets.
[   35.380111] [[0;32m  OK  [0m] Reached target Basic System.
cloud-init[681]: ci-info: +-------+-------------+---------+-----------+-------+
         Starting Dispatcher daemon for systemd-networkd...
[   35.405191] cloud-init[681]: ci-info: | Route | Destination | Gateway | Interface | Flags |
         Starting The Apache HTTP Server...
[[0;32m  OK  [0m] Started Deferred execution scheduler.
[   35.419045] [[0;32m  OK  [0m] Started Unattended Upgrades Shutdown.
cloud-init[681]: ci-info: +-------+-------------+---------+-----------+-------+
         Starting Accounts Service...
[   35.424059] cloud-init[681]: ci-info: |   1   |  fe80::/64  |    ::   |   enp0s8  |   U   |
[   35.435937] cloud-init[681]: ci-info: |   2   |  fe80::/64  |    ::   |   enp0s3  |   U   |
[   35.437696] cloud-init[681]: ci-info: |   4   |    local    |    ::   |   enp0s3  |   U   |
[   35.452527] cloud-init[681]: ci-info: |   5   |    local    |    ::   |   enp0s8  |   U   |
[   35.498026] cloud-init[681]: ci-info: |   6   |   ff00::/8  |    ::   |   enp0s8  |   U   |
[   35.572801] cloud-init[681]: ci-info: |   7   |   ff00::/8  |    ::   |   enp0s3  |   U   |
[   35.591898] cloud-init[681]: ci-info: +-------+-------------+---------+-----------+-------+
         Starting Virtualbox guest utils...
         Starting Login Service...
         Starting LSB: Record successful boot for GRUB...
         Starting MySQL Community Server...
         Starting LSB: automatic crash report generation...
[[0;32m  OK  [0m] Started Regular background program processing daemon.
         Starting System Logging Service...
[[0;32m  OK  [0m] Started FUSE filesystem for LXC.
[[0;32m  OK  [0m] Started irqbalance daemon.
[[0;32m  OK  [0m] Started D-Bus System Message Bus.
[[0;32m  OK  [0m] Started Login Service.
         Starting Permit User Sessions...
         Starting Discard unused blocks...
         Starting LXD - container startup/shutdown...
         Starting Clean php session files...
         Starting OpenBSD Secure Shell server...
         Starting Snappy daemon...
[[0;32m  OK  [0m] Started System Logging Service.
[[0;32m  OK  [0m] Started Dispatcher daemon for systemd-networkd.
[[0;32m  OK  [0m] Started Permit User Sessions.
[[0;32m  OK  [0m] Started Discard unused blocks.
         Starting Authorization Manager...
         Starting Hold until boot process finishes up...
         Starting Terminate Plymouth Boot Screen...
[[0;32m  OK  [0m] Started Hold until boot process finishes up.
[[0;32m  OK  [0m] Started Serial Getty on ttyS0.
         Starting Set console scheme...
[[0;32m  OK  [0m] Started LSB: automatic crash report generation.
[[0;32m  OK  [0m] Started Terminate Plymouth Boot Screen.
[[0;32m  OK  [0m] Started Set console scheme.
[[0;32m  OK  [0m] Created slice system-getty.slice.
[[0;32m  OK  [0m] Started Getty on tty1.
[[0;32m  OK  [0m] Reached target Login Prompts.
[[0;32m  OK  [0m] Started LSB: Record successful boot for GRUB.
[[0;32m  OK  [0m] Started Authorization Manager.
[[0;32m  OK  [0m] Started Accounts Service.
[[0;32m  OK  [0m] Started Virtualbox guest utils.
[[0;32m  OK  [0m] Started The Apache HTTP Server.
[[0;32m  OK  [0m] Started OpenBSD Secure Shell server.

Ubuntu 18.04.1 LTS ubuntu-bionic ttyS0

ubuntu-bionic login: [   51.678637] cloud-init[1292]: Cloud-init v. 18.4-0ubuntu1~18.04.1 running 'modules:config' at Tue, 13 Nov 2018 08:53:35 +0000. Up 48.88 seconds.
[   57.336927] cloud-init[1600]: Cloud-init v. 18.4-0ubuntu1~18.04.1 running 'modules:final' at Tue, 13 Nov 2018 08:53:43 +0000. Up 57.14 seconds.
[   57.337334] cloud-init[1600]: Cloud-init v. 18.4-0ubuntu1~18.04.1 finished at Tue, 13 Nov 2018 08:53:44 +0000. Datasource DataSourceNoCloud [seed=/dev/sdb][dsmode=net].  Up 57.32 seconds
         Stopping udev Kernel Device Manager...
[[0;32m  OK  [0m] Stopped udev Kernel Device Manager.
         Starting udev Kernel Device Manager...
[[0;32m  OK  [0m] Started udev Kernel Device Manager.
         Stopping Network Service...
[[0;32m  OK  [0m] Stopped Network Service.
         Starting Network Service...
[[0;32m  OK  [0m] Started Network Service.
         Stopping Network Name Resolution...
[[0;32m  OK  [0m] Stopped Network Name Resolution.
         Starting Network Name Resolution...
[[0;32m  OK  [0m] Started Network Name Resolution.
[[0;32m  OK  [0m] Stopped Flush Journal to Persistent Storage.
         Stopping Flush Journal to Persistent Storage...
         Stopping Journal Service...
[[0;32m  OK  [0m] Stopped Journal Service.
         Starting Journal Service...
[[0;32m  OK  [0m] Started Journal Service.
         Starting Flush Journal to Persistent Storage...
[[0;32m  OK  [0m] Started Flush Journal to Persistent Storage.
[[0;32m  OK  [0m] Started Daily apt upgrade and clean activities.
[[0;32m  OK  [0m] Closed Load/Save RF Kill Switch Status /dev/rfkill Watch.
         Stopping Availability of block devices...
         Stopping Session 4 o[[0;32m  OK  [0m] Stopped Dispatcher daemon for systemd-networkd.
[[0;32m  OK  [0m] Unmounted /var/lib/lxcfs.
[[0;32m  OK  [0m] Stopped Deferred execution scheduler.
[[0;32m  OK  [0m] Stopped Accounts Service.
[[0;32m  OK  [0m] Stopped Regular background program processing daemon.
[[0;32m  OK  [0m] Stopped System Logging Service.
[[0;32m  OK  [0m] Stopped irqbalance daemon.
[[0;32m  OK  [0m] Stopped Snappy daemon.
[[0;32m  OK  [0m] Stopped Authorization Manager.
[[0;32m  OK  [0m] Stopped Serial Getty on ttyS0.
[[0;32m  OK  [0m] Stopped Getty on tty1.
[[0;32m  OK  [0m] Stopped OpenBSD Secure Shell server.
[[0;32m  OK  [0m] Stopped User Manager for UID 1000.
[[0;32m  OK  [0m] Stopped D-Bus System Message Bus.
[[0;32m  OK  [0m] Stopped Session 4 of user vagrant.
[[0;32m  OK  [0m] Removed slice system-getty.slice.
[[0;32m  OK  [0m] Removed slice system-serial\x2dgetty.slice.
[[0;32m  OK  [0m] Stopped LSB: Record successful boot for GRUB.
[[0;32m  OK  [0m] Stopped LSB: automatic crash report generation.
[[0;32m  OK  [0m] Stopped LXD - container startup/shutdown.
[[0;32m  OK  [0m] Stopped FUSE filesystem for LXC.
[[0;32m  OK  [0m] Stopped Session 24 of user vagrant.
[[0;32m  OK  [0m] Stopped Availability of block devices.
[[0;32m  OK  [0m] Stopped Virtualbox guest utils.
[[0;32m  OK  [0m] Stopped Unattended Upgrades Shutdown.
[[0;32m  OK  [0m] Removed slice User Slice of vagrant.
         Stopping Login Service...
         Stopping Permit User Sessions...
[[0;32m  OK  [0m] Stopped Permit User Sessions.
[[0;32m  OK  [0m] Stopped Login Service.
[[0;32m  OK  [0m] Stopped target User and Group Name Lookups.
[[0;32m  OK  [0m] Stopped MySQL Community Server.
[[0m[0;31m*     [0m] A stop job is running for The Apache HTTP Server (7s / 1min 30s)[K[[0;1;31m*[0m[0;31m*    [0m] A stop job is running for The Apache HTTP Server (7s / 1min 30s)[K[[0;31m*[0;1;31m*[0m[0;31m*   [0m] A stop job is running for The Apache HTTP Server (8s / 1min 30s)[K[ [0;31m*[0;1;31m*[0m[0;31m*  [0m] A stop job is running for The Apache HTTP Server (8s / 1min 30s)[K[  [0;31m*[0;1;31m*[0m[0;31m* [0m] A stop job is running for The Apache HTTP Server (9s / 1min 30s)[K[   [0;31m*[0;1;31m*[0m[0;31m*[0m] A stop job is running for The Apache HTTP Server (9s / 1min 30s)[K[    [0;31m*[0;1;31m*[0m] A stop job is running for The Apache HTTP Server (10s / 1min 30s)[K[[0;32m  OK  [0m] Stopped The Apache HTTP Server.
[[0;32m  OK  [0m] Stopped target Host and Network Name Lookups.
[[0;32m  OK  [0m] Stopped target Network.
         Stopping Network Name Resolution...
[[0;32m  OK  [0m] Stopped target Basic System.
[[0;32m  OK  [0m] Stopped target Paths.
[[0;32m  OK  [0m] Stopped ACPI Events Check.
[[0;32m  OK  [0m] Stopped target Slices.
[[0;32m  OK  [0m] Removed slice User and Session Slice.
[[0;32m  OK  [0m] Stopped target Sockets.
[[0;32m  OK  [0m] Closed Open-iSCSI iscsid Socket.
[[0;32m  OK  [0m] Closed D-Bus System Message Bus Socket.
[[0;32m  OK  [0m] Closed UUID daemon activation socket.
[[0;32m  OK  [0m] Closed ACPID Listen Socket.
[[0;32m  OK  [0m] Closed LXD - unix socket.
[[0;32m  OK  [0m] Closed Syslog Socket.
[[0;32m  OK  [0m] Closed Socket activation for snappy daemon.
[[0;32m  OK  [0m] Stopped target System Initialization.
         Stopping Update UTMP about System Boot/Shutdown...
[[0;32m  OK  [0m] Stopped target Local Encrypted Volumes.
[[0;32m  OK  [0m] Stopped Forward Password Requests to Wall Directory Watch.
[[0;32m  OK  [0m] Stopped Dispatch Password Requests to Console Directory Watch.
         Stopping Load/Save Random Seed...
[[0;32m  OK  [0m] Stopped Initial cloud-init job (metadata service crawler).
[[0;32m  OK  [0m] Stopped target Remote File Systems.
[[0;32m  OK  [0m] Stopped target Remote File Systems (Pre).
[[0;32m  OK  [0m] Stopped Network Name Resolution.
[[0;32m  OK  [0m] Stopped Load/Save Random Seed.
         Stopping Network Service...
[[0;32m  OK  [0m] Stopped Update UTMP about System Boot/Shutdown.
[[0;32m  OK  [0m] Stopped Create Volatile Files and Directories.
[[0;32m  OK  [0m] Stopped target Local File Systems.
         Unmounting /var/www/html...
         Unmounting /run/user/1000...
         Unmounting /vagrant...
[[0;32m  OK  [0m] Unmounted /run/user/1000.
[[0;32m  OK  [0m] Unmounted /vagrant.
[[0;32m  OK  [0m] Unmounted /var/www/html.
[[0;32m  OK  [0m] Reached target Unmount All Filesystems.
[[0;32m  OK  [0m] Stopped target Local File Systems (Pre).
[[0;32m  OK  [0m] Stopped Create Static Device Nodes in /dev.
         Stopping Monitoring of LVM2 mirrors…ng dmeventd or progress polling...
[[0;32m  OK  [0m] Stopped target Swap.
[[0;32m  OK  [0m] Stopped Network Service.
[[0;32m  OK  [0m] Stopped target Network (Pre).
[[0;32m  OK  [0m] Stopped Initial cloud-init job (pre-networking).
[[0;32m  OK  [0m] Stopped Remount Root and Kernel File Systems.
[[0;32m  OK  [0m] Stopped Apply Kernel Variables.
[[0;32m  OK  [0m] Stopped Load Kernel Modules.
[[0;32m  OK  [0m] Reached target Shutdown.
[[0;32m  OK  [0m] Reached target Final Step.
         Starting Power-Off...
[[0;32m  OK  [0m] Stopped Monitoring of LVM2 mirrors,…sing dmeventd or progress polling.
         Stopping LVM2 metadata daemon...
[[0;32m  OK  [0m] Stopped LVM2 metadata daemon.
[20273.891156] reboot: Power down
